2024-06-11 19:45:21,329 [INFO] Activator:176 - 


2024-06-11 19:45:21,330 [INFO] Activator:177 - !SESSION log4j initialized
2024-06-11 19:45:23,650 [INFO] LogOutputStream:77 - [STDOUT_REDIRECT] 
2024-06-11 19:45:30,100 [INFO] ApplicationProperties:184 - Using Application install path: C:\ST\STM32CubeIDE_1.14.1\STM32CubeIDE\plugins\com.st.stm32cube.common.mx_6.10.0.202311202037
2024-06-11 19:45:30,113 [INFO] DbMcusXml:78 - Set database path to: C:\ST\STM32CubeIDE_1.14.1\STM32CubeIDE\plugins\com.st.stm32cube.common.mx_6.10.0.202311202037\\db\/mcu/
2024-06-11 19:45:30,114 [INFO] ApiDb:274 - Set plugin database path to: C:\ST\STM32CubeIDE_1.14.1\STM32CubeIDE\plugins\com.st.stm32cube.common.mx_6.10.0.202311202037\\db\/plugins/boardmanager/
2024-06-11 19:45:30,114 [WARN] ApiDb:259 - Overriding images path with different value:  => C:\ST\STM32CubeIDE_1.14.1\STM32CubeIDE\plugins\com.st.stm32cube.common.mx_6.10.0.202311202037\\db\/plugins/mcufinder/images/
2024-06-11 19:45:30,119 [INFO] ApiDb:250 - Set database path to: C:\Users\moham\.stmcufinder\plugins\mcufinder//mcu/
2024-06-11 19:45:30,119 [INFO] DbMcusAds:125 - Set database path to: C:\Users\moham\.stmcufinder\plugins\mcufinder//mcu/
2024-06-11 19:45:30,121 [INFO] CrossReferenceDbSqlite:203 - Set database path to: C:\Users\moham\.stmcufinder\plugins\mcufinder//mcu/cs/
2024-06-11 19:45:30,234 [INFO] RulesReader:64 - Compatibility file has been processed (297 Rules)
2024-06-11 19:45:30,298 [INFO] DbMcusXml:78 - Set database path to: C:\ST\STM32CubeIDE_1.14.1\STM32CubeIDE\plugins\com.st.stm32cube.common.mx_6.10.0.202311202037\\db\/mcu/
2024-06-11 19:45:30,298 [INFO] ApiDb:274 - Set plugin database path to: C:\ST\STM32CubeIDE_1.14.1\STM32CubeIDE\plugins\com.st.stm32cube.common.mx_6.10.0.202311202037\\db\/plugins/boardmanager/
2024-06-11 19:45:30,298 [INFO] ApiDb:261 - Set plugin images path to: C:\ST\STM32CubeIDE_1.14.1\STM32CubeIDE\plugins\com.st.stm32cube.common.mx_6.10.0.202311202037\\db\/plugins/mcufinder/images/
2024-06-11 19:45:30,298 [WARN] DbFile:41 - Overriding database path with different value: C:\Users\moham\.stmcufinder\plugins\mcufinder/ => C:\Users\moham\.stmcufinder\plugins\mcufinder
2024-06-11 19:45:30,298 [INFO] ApiDb:250 - Set database path to: C:\Users\moham\.stmcufinder\plugins\mcufinder//mcu/
2024-06-11 19:45:30,298 [WARN] DbFile:41 - Overriding database path with different value: C:\Users\moham\.stmcufinder\plugins\mcufinder/ => C:\Users\moham\.stmcufinder\plugins\mcufinder
2024-06-11 19:45:30,298 [INFO] DbMcusAds:125 - Set database path to: C:\Users\moham\.stmcufinder\plugins\mcufinder//mcu/
2024-06-11 19:45:30,299 [WARN] DbFile:41 - Overriding database path with different value: C:\Users\moham\.stmcufinder\plugins\mcufinder/ => C:\Users\moham\.stmcufinder\plugins\mcufinder
2024-06-11 19:45:30,299 [WARN] DbFile:41 - Overriding database path with different value: C:\Users\moham\.stmcufinder\plugins\mcufinder/ => C:\Users\moham\.stmcufinder\plugins\mcufinder
2024-06-11 19:45:30,299 [INFO] CrossReferenceDbSqlite:203 - Set database path to: C:\Users\moham\.stmcufinder\plugins\mcufinder//mcu/cs/
2024-06-11 19:45:30,360 [INFO] MainPanel:264 - HeapMemory: 268435456
2024-06-11 19:45:30,423 [INFO] DbMcusXml:78 - Set database path to: C:\ST\STM32CubeIDE_1.14.1\STM32CubeIDE\plugins\com.st.stm32cube.common.mx_6.10.0.202311202037\\db\/mcu/
2024-06-11 19:45:30,423 [INFO] ApiDb:274 - Set plugin database path to: C:\ST\STM32CubeIDE_1.14.1\STM32CubeIDE\plugins\com.st.stm32cube.common.mx_6.10.0.202311202037\\db\/plugins/boardmanager/
2024-06-11 19:45:30,423 [INFO] ApiDb:261 - Set plugin images path to: C:\ST\STM32CubeIDE_1.14.1\STM32CubeIDE\plugins\com.st.stm32cube.common.mx_6.10.0.202311202037\\db\/plugins/mcufinder/images/
2024-06-11 19:45:30,424 [WARN] DbFile:41 - Overriding database path with different value: C:\Users\moham\.stmcufinder\plugins\mcufinder/ => C:\Users\moham\.stmcufinder\plugins\mcufinder
2024-06-11 19:45:30,424 [INFO] ApiDb:250 - Set database path to: C:\Users\moham\.stmcufinder\plugins\mcufinder//mcu/
2024-06-11 19:45:30,424 [WARN] DbFile:41 - Overriding database path with different value: C:\Users\moham\.stmcufinder\plugins\mcufinder/ => C:\Users\moham\.stmcufinder\plugins\mcufinder
2024-06-11 19:45:30,424 [INFO] DbMcusAds:125 - Set database path to: C:\Users\moham\.stmcufinder\plugins\mcufinder//mcu/
2024-06-11 19:45:30,424 [WARN] DbFile:41 - Overriding database path with different value: C:\Users\moham\.stmcufinder\plugins\mcufinder/ => C:\Users\moham\.stmcufinder\plugins\mcufinder
2024-06-11 19:45:30,424 [WARN] DbFile:41 - Overriding database path with different value: C:\Users\moham\.stmcufinder\plugins\mcufinder/ => C:\Users\moham\.stmcufinder\plugins\mcufinder
2024-06-11 19:45:30,424 [INFO] CrossReferenceDbSqlite:203 - Set database path to: C:\Users\moham\.stmcufinder\plugins\mcufinder//mcu/cs/
2024-06-11 19:45:30,440 [INFO] ApplicationProperties:184 - Using Application install path: C:\ST\STM32CubeIDE_1.14.1\STM32CubeIDE\plugins\com.st.stm32cube.common.mx_6.10.0.202311202037
2024-06-11 19:45:30,441 [INFO] PluginManage:196 - Search for loadable plugins [exclusion list=, ]
2024-06-11 19:45:30,442 [INFO] PluginManage:310 - Check plugin analytics
2024-06-11 19:45:35,530 [INFO] AnalyticsPlugin:253 - Accepted Software Licenses: STM32CubeMX.6.11.0
2024-06-11 19:45:35,530 [INFO] AnalyticsPlugin:255 - Accepted CMSIS Pack Licenses: 
2024-06-11 19:45:35,531 [INFO] AnalyticsPlugin:257 - Accepted Firmware Licenses: 
2024-06-11 19:45:35,532 [INFO] PluginManage:359 - Loaded plugin analytics (category:tool,tabindex:-1)
2024-06-11 19:45:35,533 [INFO] PluginManage:310 - Check plugin cadmodel
2024-06-11 19:45:35,537 [INFO] CADModel:105 - Init CAD model plugin
2024-06-11 19:45:35,537 [INFO] PluginManage:359 - Loaded plugin cadmodel (category:power,tabindex:5)
2024-06-11 19:45:35,537 [INFO] PluginManage:310 - Check plugin clock
2024-06-11 19:45:35,544 [INFO] PluginManage:359 - Loaded plugin clock (category:base,tabindex:2)
2024-06-11 19:45:35,544 [INFO] PluginManage:310 - Check plugin ddr
2024-06-11 19:45:35,546 [INFO] PluginManage:359 - Loaded plugin ddr (category:tool,tabindex:6)
2024-06-11 19:45:35,546 [INFO] PluginManage:310 - Check plugin filemanager
2024-06-11 19:45:35,658 [INFO] PluginManage:359 - Loaded plugin filemanager (category:base,tabindex:10)
2024-06-11 19:45:35,659 [INFO] PluginManage:310 - Check plugin ipmanager
2024-06-11 19:45:35,680 [INFO] PluginManage:359 - Loaded plugin ipmanager (category:base,tabindex:5)
2024-06-11 19:45:35,680 [INFO] PluginManage:310 - Check plugin lpbam
2024-06-11 19:45:35,688 [INFO] PluginManage:359 - Loaded plugin lpbam (category:base,tabindex:0)
2024-06-11 19:45:35,688 [INFO] PluginManage:310 - Check plugin memorymap
2024-06-11 19:45:35,700 [INFO] PluginManage:359 - Loaded plugin memorymap (category:base,tabindex:4)
2024-06-11 19:45:35,700 [INFO] PluginManage:310 - Check plugin pinoutandconfiguration
2024-06-11 19:45:35,707 [INFO] PluginManage:359 - Loaded plugin pinoutandconfiguration (category:base,tabindex:1)
2024-06-11 19:45:35,708 [INFO] PluginManage:310 - Check plugin pinoutconfig
2024-06-11 19:45:35,797 [WARN] SupportedApi:132 - Cannot load RTOS API schema: s4s-elt-must-match.1: The content of 'definitions' must match (annotation?, (simpleType | complexType)?, (unique | key | keyref)*)). A problem was found starting at: attribute.
2024-06-11 19:45:35,911 [INFO] PluginManage:359 - Loaded plugin pinoutconfig (category:base,tabindex:0)
2024-06-11 19:45:35,911 [INFO] PluginManage:310 - Check plugin power
2024-06-11 19:45:35,919 [INFO] PluginManage:359 - Loaded plugin power (category:power,tabindex:4)
2024-06-11 19:45:35,919 [INFO] PluginManage:310 - Check plugin projectmanager
2024-06-11 19:45:35,933 [INFO] PluginManage:359 - Loaded plugin projectmanager (category:projectmanager,tabindex:3)
2024-06-11 19:45:35,933 [INFO] PluginManage:310 - Check plugin thirdparty
2024-06-11 19:45:36,043 [INFO] PluginManage:359 - Loaded plugin thirdparty (category:base,tabindex:-1)
2024-06-11 19:45:36,043 [WARN] IntegrityCheckThread:84 - waiting for thirdparty lock release [integrity check]
2024-06-11 19:45:36,043 [INFO] PluginManage:310 - Check plugin tools
2024-06-11 19:45:36,044 [INFO] IntegrityCheckThread:86 - entering critical section [integrity check]
2024-06-11 19:45:36,044 [INFO] ThirdPartyUpdaterWithRetryManager:70 - Updater plugin not ready yet. [1/15]
2024-06-11 19:45:36,048 [INFO] PluginManage:359 - Loaded plugin tools (category:base,tabindex:7)
2024-06-11 19:45:36,049 [INFO] PluginManage:310 - Check plugin tutovideos
2024-06-11 19:45:36,180 [INFO] PluginManage:359 - Loaded plugin tutovideos (category:base,tabindex:-1)
2024-06-11 19:45:36,180 [INFO] PluginManage:310 - Check plugin updater
2024-06-11 19:45:36,188 [INFO] PluginManage:359 - Loaded plugin updater (category:base,tabindex:12)
2024-06-11 19:45:36,188 [INFO] PluginManage:310 - Check plugin userauth
2024-06-11 19:45:36,193 [INFO] UserAuth:114 - Init User Auth plugin
2024-06-11 19:45:36,193 [INFO] PluginManage:359 - Loaded plugin userauth (category:base,tabindex:14)
2024-06-11 19:45:36,193 [INFO] PluginManage:283 - PluginManage : Loaded plugins [17]
2024-06-11 19:45:36,351 [INFO] PinOutPanel:1499 - setPackage(No Configuration,No Configuration)
2024-06-11 19:45:36,406 [INFO] CADModel:165 - CPN selected for project level
2024-06-11 19:45:36,406 [INFO] CADModel:114 - Register for checkConnection events
2024-06-11 19:45:36,417 [INFO] IPUIPlugin:80 - create IPUIPlugin
2024-06-11 19:45:36,417 [INFO] PluginManager:220 - loadIPPluginJar : add adc
2024-06-11 19:45:36,419 [INFO] IPUIPlugin:80 - create IPUIPlugin
2024-06-11 19:45:36,419 [INFO] PluginManager:220 - loadIPPluginJar : add aes
2024-06-11 19:45:36,420 [INFO] IPUIPlugin:80 - create IPUIPlugin
2024-06-11 19:45:36,420 [INFO] PluginManager:220 - loadIPPluginJar : add can
2024-06-11 19:45:36,421 [INFO] IPUIPlugin:80 - create IPUIPlugin
2024-06-11 19:45:36,422 [INFO] PluginManager:220 - loadIPPluginJar : add comp
2024-06-11 19:45:36,423 [INFO] IPUIPlugin:80 - create IPUIPlugin
2024-06-11 19:45:36,423 [INFO] PluginManager:220 - loadIPPluginJar : add cryp
2024-06-11 19:45:36,424 [INFO] IPUIPlugin:80 - create IPUIPlugin
2024-06-11 19:45:36,424 [INFO] PluginManager:220 - loadIPPluginJar : add dfsdm
2024-06-11 19:45:36,428 [INFO] IPUIPlugin:80 - create IPUIPlugin
2024-06-11 19:45:36,429 [INFO] PluginManager:220 - loadIPPluginJar : add dma
2024-06-11 19:45:36,430 [INFO] IPUIPlugin:80 - create IPUIPlugin
2024-06-11 19:45:36,430 [INFO] PluginManager:220 - loadIPPluginJar : add dma3
2024-06-11 19:45:36,431 [INFO] IPUIPlugin:80 - create IPUIPlugin
2024-06-11 19:45:36,431 [INFO] PluginManager:220 - loadIPPluginJar : add fatfs
2024-06-11 19:45:36,434 [INFO] IPUIPlugin:80 - create IPUIPlugin
2024-06-11 19:45:36,434 [INFO] PluginManager:220 - loadIPPluginJar : add fmc
2024-06-11 19:45:36,437 [INFO] IPUIPlugin:80 - create IPUIPlugin
2024-06-11 19:45:36,438 [INFO] PluginManager:220 - loadIPPluginJar : add freertos
2024-06-11 19:45:36,438 [INFO] IPUIPlugin:80 - create IPUIPlugin
2024-06-11 19:45:36,438 [INFO] PluginManager:220 - loadIPPluginJar : add genericplugin
2024-06-11 19:45:36,440 [INFO] IPUIPlugin:80 - create IPUIPlugin
2024-06-11 19:45:36,440 [INFO] PluginManager:220 - loadIPPluginJar : add gfxmmu
2024-06-11 19:45:36,443 [INFO] IPUIPlugin:80 - create IPUIPlugin
2024-06-11 19:45:36,443 [INFO] PluginManager:220 - loadIPPluginJar : add gic
2024-06-11 19:45:36,445 [INFO] IPUIPlugin:80 - create IPUIPlugin
2024-06-11 19:45:36,446 [INFO] PluginManager:220 - loadIPPluginJar : add gpio
2024-06-11 19:45:36,447 [INFO] IPUIPlugin:80 - create IPUIPlugin
2024-06-11 19:45:36,447 [INFO] PluginManager:220 - loadIPPluginJar : add gtzc
2024-06-11 19:45:36,449 [INFO] IPUIPlugin:80 - create IPUIPlugin
2024-06-11 19:45:36,449 [INFO] PluginManager:220 - loadIPPluginJar : add hash
2024-06-11 19:45:36,450 [INFO] IPUIPlugin:80 - create IPUIPlugin
2024-06-11 19:45:36,450 [INFO] PluginManager:220 - loadIPPluginJar : add i2c
2024-06-11 19:45:36,452 [INFO] IPUIPlugin:80 - create IPUIPlugin
2024-06-11 19:45:36,452 [INFO] PluginManager:220 - loadIPPluginJar : add i2s
2024-06-11 19:45:36,453 [INFO] IPUIPlugin:80 - create IPUIPlugin
2024-06-11 19:45:36,453 [INFO] PluginManager:220 - loadIPPluginJar : add i3c
2024-06-11 19:45:36,455 [INFO] IPUIPlugin:80 - create IPUIPlugin
2024-06-11 19:45:36,455 [INFO] PluginManager:220 - loadIPPluginJar : add ipddr
2024-06-11 19:45:36,460 [INFO] IPUIPlugin:80 - create IPUIPlugin
2024-06-11 19:45:36,460 [INFO] PluginManager:220 - loadIPPluginJar : add linkedlist
2024-06-11 19:45:36,462 [INFO] IPUIPlugin:80 - create IPUIPlugin
2024-06-11 19:45:36,462 [INFO] PluginManager:220 - loadIPPluginJar : add lorawan
2024-06-11 19:45:36,463 [INFO] IPUIPlugin:80 - create IPUIPlugin
2024-06-11 19:45:36,463 [INFO] PluginManager:220 - loadIPPluginJar : add ltdc
2024-06-11 19:45:36,467 [INFO] IPUIPlugin:80 - create IPUIPlugin
2024-06-11 19:45:36,468 [INFO] PluginManager:220 - loadIPPluginJar : add mdma
2024-06-11 19:45:36,470 [INFO] IPUIPlugin:80 - create IPUIPlugin
2024-06-11 19:45:36,471 [INFO] PluginManager:220 - loadIPPluginJar : add nvic
2024-06-11 19:45:36,472 [INFO] IPUIPlugin:80 - create IPUIPlugin
2024-06-11 19:45:36,472 [INFO] PluginManager:220 - loadIPPluginJar : add opamp
2024-06-11 19:45:36,474 [INFO] IPUIPlugin:80 - create IPUIPlugin
2024-06-11 19:45:36,474 [INFO] PluginManager:220 - loadIPPluginJar : add openamp
2024-06-11 19:45:36,477 [INFO] IPUIPlugin:80 - create IPUIPlugin
2024-06-11 19:45:36,477 [INFO] PluginManager:220 - loadIPPluginJar : add pdm2pcm
2024-06-11 19:45:36,481 [INFO] IPUIPlugin:80 - create IPUIPlugin
2024-06-11 19:45:36,484 [INFO] PluginManager:220 - loadIPPluginJar : add plateformsettings
2024-06-11 19:45:36,487 [INFO] IPUIPlugin:80 - create IPUIPlugin
2024-06-11 19:45:36,487 [INFO] PluginManager:220 - loadIPPluginJar : add quadspi
2024-06-11 19:45:36,490 [INFO] IPUIPlugin:80 - create IPUIPlugin
2024-06-11 19:45:36,490 [INFO] PluginManager:220 - loadIPPluginJar : add resmgrutility
2024-06-11 19:45:36,493 [INFO] IPUIPlugin:80 - create IPUIPlugin
2024-06-11 19:45:36,493 [INFO] PluginManager:220 - loadIPPluginJar : add sai
2024-06-11 19:45:36,496 [INFO] IPUIPlugin:80 - create IPUIPlugin
2024-06-11 19:45:36,496 [INFO] PluginManager:220 - loadIPPluginJar : add spi
2024-06-11 19:45:36,500 [INFO] IPUIPlugin:80 - create IPUIPlugin
2024-06-11 19:45:36,500 [INFO] PluginManager:220 - loadIPPluginJar : add stm32_wpan
2024-06-11 19:45:36,501 [INFO] IPUIPlugin:80 - create IPUIPlugin
2024-06-11 19:45:36,502 [INFO] PluginManager:220 - loadIPPluginJar : add tim
2024-06-11 19:45:36,503 [INFO] IPUIPlugin:80 - create IPUIPlugin
2024-06-11 19:45:36,504 [INFO] PluginManager:220 - loadIPPluginJar : add touchsensing
2024-06-11 19:45:36,505 [INFO] IPUIPlugin:80 - create IPUIPlugin
2024-06-11 19:45:36,505 [INFO] PluginManager:220 - loadIPPluginJar : add tracer_emb
2024-06-11 19:45:36,507 [INFO] IPUIPlugin:80 - create IPUIPlugin
2024-06-11 19:45:36,507 [INFO] PluginManager:220 - loadIPPluginJar : add ts
2024-06-11 19:45:36,508 [INFO] IPUIPlugin:80 - create IPUIPlugin
2024-06-11 19:45:36,508 [INFO] PluginManager:220 - loadIPPluginJar : add tsc
2024-06-11 19:45:36,509 [INFO] IPUIPlugin:80 - create IPUIPlugin
2024-06-11 19:45:36,509 [INFO] PluginManager:220 - loadIPPluginJar : add ucpd
2024-06-11 19:45:36,511 [INFO] IPUIPlugin:80 - create IPUIPlugin
2024-06-11 19:45:36,511 [INFO] PluginManager:220 - loadIPPluginJar : add usart
2024-06-11 19:45:36,513 [INFO] IPUIPlugin:80 - create IPUIPlugin
2024-06-11 19:45:36,513 [INFO] PluginManager:220 - loadIPPluginJar : add usbx
2024-06-11 19:45:36,635 [INFO] CADModel:165 - CPN selected for project level
2024-06-11 19:45:36,635 [INFO] CADModel:114 - Register for checkConnection events
2024-06-11 19:45:36,636 [FATAL] Updater:308 - Updater called before beeing initialized
2024-06-11 19:45:36,636 [ERROR] CADModel:125 - Updater not yet initialized, retry later 
2024-06-11 19:45:36,746 [INFO] CADModel:165 - CPN selected for project level
2024-06-11 19:45:36,746 [INFO] CADModel:114 - Register for checkConnection events
2024-06-11 19:45:36,746 [FATAL] Updater:308 - Updater called before beeing initialized
2024-06-11 19:45:36,747 [ERROR] CADModel:125 - Updater not yet initialized, retry later 
2024-06-11 19:45:36,750 [FATAL] Updater:308 - Updater called before beeing initialized
2024-06-11 19:45:36,838 [FATAL] Updater:308 - Updater called before beeing initialized
2024-06-11 19:45:36,842 [INFO] DbMcusAds:53 - JSON generation date=Thu May 16 13:22:00 GST 2024 (1715851320667)
2024-06-11 19:45:36,842 [FATAL] Updater:308 - Updater called before beeing initialized
2024-06-11 19:45:36,873 [WARN] DetailPanel:346 - Failed to get advertising image, set to default
2024-06-11 19:45:36,958 [FATAL] Updater:308 - Updater called before beeing initialized
2024-06-11 19:45:36,959 [FATAL] Updater:308 - Updater called before beeing initialized
2024-06-11 19:45:36,959 [FATAL] Updater:308 - Updater called before beeing initialized
2024-06-11 19:45:36,959 [WARN] DetailPanel:346 - Failed to get advertising image, set to default
2024-06-11 19:45:36,960 [FATAL] Updater:308 - Updater called before beeing initialized
2024-06-11 19:45:36,997 [ERROR] Updater:1120 - MainUpdater not yet initialized. External WinMGr cannot be set.
2024-06-11 19:45:36,999 [INFO] Updater:1056 - Updater Version found : 6.10.0
2024-06-11 19:45:37,016 [INFO] ApplicationProperties:184 - Using Application install path: C:\ST\STM32CubeIDE_1.14.1\STM32CubeIDE\plugins\com.st.stm32cube.common.mx_6.10.0.202311202037
2024-06-11 19:45:37,822 [INFO] MainUpdater:2873 - connection check result : 10
2024-06-11 19:45:37,822 [INFO] MainUpdater:290 - Updater Check For Update Now.
2024-06-11 19:45:37,822 [INFO] MicroXplorer:498 - Change Database Version : DB.6.0.100
2024-06-11 19:45:37,829 [INFO] McuFinderGlobals:63 - Set McuFinder mode to 2 (CubeIDE integrated)
2024-06-11 19:45:37,829 [INFO] UserAuth:180 - activating auth plugin
2024-06-11 19:45:37,833 [INFO] UserAuth:404 - Internet connection configuration mode: 1
2024-06-11 19:45:37,874 [INFO] JxBrowserEngine:152 - Initiate JxBrowser Engine with user profile folder
2024-06-11 19:45:38,022 [INFO] CheckServerUpdateThread:120 - End of CheckServer Thread
2024-06-11 19:45:38,503 [INFO] WebApp:161 - Instantiating new browser for Auth
2024-06-11 19:45:38,962 [INFO] WebApp:780 - Register for checkConnection events
2024-06-11 19:45:38,962 [INFO] WebApp:414 - Apply proxy settings
2024-06-11 19:45:38,962 [INFO] WebApp:499 - Chromium requires no authentication
2024-06-11 19:45:38,967 [INFO] WebApp:442 - Direct internet connection detected
2024-06-11 19:45:39,157 [INFO] WebApp:192 - Starting web application
2024-06-11 19:45:39,157 [INFO] WebApp:544 - Web application path used C:\ST\STM32CubeIDE_1.14.1\STM32CubeIDE\plugins\com.st.stm32cube.common.mx_6.10.0.202311202037\db\plugins\mcufinder\reactClient1\index.html
2024-06-11 19:45:39,183 [WARN] PackLoader:240 - Cannot read IP mode file for STMicroelectronics.FP-SNS-MOTENVWB1.1.4.0
2024-06-11 19:45:39,195 [WARN] PackLoader:240 - Cannot read IP mode file for STMicroelectronics.X-CUBE-SMBUS.2.1.0
2024-06-11 19:45:39,201 [WARN] PackLoader:240 - Cannot read IP mode file for STMicroelectronics.X-CUBE-TOUCHGFX.4.23.2
2024-06-11 19:45:39,237 [WARN] PackLoader:240 - Cannot read IP mode file for STMicroelectronics.X-CUBE-AZRTOS-F7.1.1.0
2024-06-11 19:45:39,256 [WARN] PackLoader:240 - Cannot read IP mode file for STMicroelectronics.FP-SNS-FLIGHT1.5.0.2
2024-06-11 19:45:39,273 [WARN] PackLoader:240 - Cannot read IP mode file for STMicroelectronics.X-CUBE-DISPLAY.3.0.0
2024-06-11 19:45:39,300 [WARN] PackLoader:240 - Cannot read IP mode file for STMicroelectronics.X-CUBE-BLE1.7.0.0
2024-06-11 19:45:39,322 [WARN] PackLoader:240 - Cannot read IP mode file for emotas.I-CUBE-CANOPEN.1.3.0
2024-06-11 19:45:39,342 [WARN] PackLoader:240 - Cannot read IP mode file for STMicroelectronics.X-CUBE-BLEMGR.3.1.0
2024-06-11 19:45:39,362 [WARN] PackLoader:240 - Cannot read IP mode file for STMicroelectronics.FP-SNS-SMARTAG2.1.2.0
2024-06-11 19:45:39,377 [INFO] LogOutputStream:77 - [STDOUT_REDIRECT] 1 : Invalid condition id : UX_CORESTACK_Condition cause : null
2024-06-11 19:45:39,378 [INFO] LogOutputStream:77 - [STDOUT_REDIRECT] 1 : Invalid condition id : UX_CORESTACK_Condition cause : null
2024-06-11 19:45:39,380 [INFO] LogOutputStream:77 - [STDOUT_REDIRECT] 1 : Invalid condition id : UX_CORESTACK_Condition cause : null
2024-06-11 19:45:39,382 [INFO] LogOutputStream:77 - [STDOUT_REDIRECT] 1 : Invalid condition id : UX_CORESTACK_Condition cause : null
2024-06-11 19:45:39,384 [INFO] LogOutputStream:77 - [STDOUT_REDIRECT] 1 : Invalid condition id : UX_CORESTACK_Condition cause : null
2024-06-11 19:45:39,391 [WARN] PackLoader:240 - Cannot read IP mode file for STMicroelectronics.X-CUBE-AZRTOS-WL.2.0.0
2024-06-11 19:45:39,397 [WARN] PackLoader:240 - Cannot read IP mode file for wolfSSL.I-CUBE-wolfMQTT.1.19.0
2024-06-11 19:45:39,405 [WARN] PackLoader:240 - Cannot read IP mode file for WES.I-CUBE-Cesium.1.3.0
2024-06-11 19:45:39,410 [WARN] PackLoader:240 - Cannot read IP mode file for STMicroelectronics.X-CUBE-BLE2.3.3.0
2024-06-11 19:45:39,417 [WARN] PackLoader:240 - Cannot read IP mode file for STMicroelectronics.X-CUBE-TCPP.4.1.0
2024-06-11 19:45:39,425 [WARN] PackLoader:240 - Cannot read IP mode file for STMicroelectronics.X-CUBE-ALGOBUILD.1.3.0
2024-06-11 19:45:39,447 [WARN] PackLoader:240 - Cannot read IP mode file for STMicroelectronics.X-CUBE-AZRTOS-G0.1.1.0
2024-06-11 19:45:39,458 [WARN] PackLoader:240 - Cannot read IP mode file for STMicroelectronics.X-CUBE-SAFEA1.1.2.2
2024-06-11 19:45:39,469 [WARN] PackLoader:240 - Cannot read IP mode file for STMicroelectronics.X-CUBE-NFC4.3.0.0
2024-06-11 19:45:39,476 [WARN] PackLoader:240 - Cannot read IP mode file for wolfSSL.I-CUBE-wolfSSL.5.7.0
2024-06-11 19:45:39,479 [WARN] PackLoader:240 - Cannot read IP mode file for STMicroelectronics.FP-ATR-SIGFOX1.3.2.0
2024-06-11 19:45:39,485 [WARN] PackLoader:240 - Cannot read IP mode file for STMicroelectronics.X-CUBE-EEPRMA1.5.1.0
2024-06-11 19:45:39,494 [WARN] PackLoader:240 - Cannot read IP mode file for ITTIA_DB.I-CUBE-ITTIADB.8.9.0
2024-06-11 19:45:39,532 [WARN] PackLoader:240 - Cannot read IP mode file for SEGGER.I-CUBE-embOS.1.3.1
2024-06-11 19:45:39,589 [WARN] PackLoader:240 - Cannot read IP mode file for STMicroelectronics.X-CUBE-ALGOBUILD.1.4.0
2024-06-11 19:45:39,596 [WARN] PackLoader:240 - Cannot read IP mode file for STMicroelectronics.X-CUBE-GNSS1.6.0.0
2024-06-11 19:45:39,614 [WARN] PackLoader:240 - Cannot read IP mode file for STMicroelectronics.X-CUBE-AZRTOS-F4.1.1.0
2024-06-11 19:45:39,621 [WARN] PackLoader:240 - Cannot read IP mode file for STMicroelectronics.X-CUBE-FREERTOS.1.2.0
2024-06-11 19:45:39,634 [WARN] PackLoader:240 - Cannot read IP mode file for STMicroelectronics.X-CUBE-AZRTOS-L5.2.0.0
2024-06-11 19:45:39,640 [WARN] PackLoader:240 - Cannot read IP mode file for STMicroelectronics.X-CUBE-NFC6.3.1.0
2024-06-11 19:45:39,644 [WARN] PackLoader:240 - Cannot read IP mode file for STMicroelectronics.X-CUBE-AI.9.0.0
2024-06-11 19:45:39,649 [WARN] PackLoader:240 - Cannot read IP mode file for STMicroelectronics.X-CUBE-NFC7.1.0.1
2024-06-11 19:45:39,653 [WARN] PackLoader:240 - Cannot read IP mode file for STMicroelectronics.X-CUBE-AI.8.1.0
2024-06-11 19:45:39,677 [WARN] ConditionMgr:438 - getConditionDescription Invalid condition id : LAN8742 Phy interface Condition cause : null
2024-06-11 19:45:39,678 [WARN] PackLoader:240 - Cannot read IP mode file for STMicroelectronics.X-CUBE-AZRTOS-L4.2.0.0
2024-06-11 19:45:39,680 [WARN] ConditionMgr:1039 - genDependencies : Invalid condition id : LAN8742 Phy interface Condition cause : null
2024-06-11 19:45:39,680 [WARN] ConditionMgr:1039 - genDependencies : Invalid condition id : LAN8742 Phy interface Condition cause : null
2024-06-11 19:45:39,681 [WARN] ConditionMgr:1039 - genDependencies : Invalid condition id : LAN8742 Phy interface Condition cause : null
2024-06-11 19:45:39,688 [WARN] PackLoader:240 - Cannot read IP mode file for STMicroelectronics.X-CUBE-SFXS2LP1.4.0.0
2024-06-11 19:45:39,701 [WARN] ConditionMgr:438 - getConditionDescription Invalid condition id : UX DEVICE CLASS RTOS Condition cause : null
2024-06-11 19:45:39,702 [WARN] ConditionMgr:438 - getConditionDescription Invalid condition id : UX DEVICE CLASS RTOS Condition cause : null
2024-06-11 19:45:39,705 [WARN] PackLoader:240 - Cannot read IP mode file for STMicroelectronics.X-CUBE-AZRTOS-WB.2.0.0
2024-06-11 19:45:39,706 [WARN] ConditionMgr:1039 - genDependencies : Invalid condition id : UX DEVICE CLASS RTOS Condition cause : null
2024-06-11 19:45:39,706 [WARN] ConditionMgr:1039 - genDependencies : Invalid condition id : UX DEVICE CLASS RTOS Condition cause : null
2024-06-11 19:45:39,706 [WARN] ConditionMgr:1039 - genDependencies : Invalid condition id : UX DEVICE CLASS RTOS Condition cause : null
2024-06-11 19:45:39,707 [WARN] ConditionMgr:1039 - genDependencies : Invalid condition id : UX DEVICE CLASS RTOS Condition cause : null
2024-06-11 19:45:39,707 [WARN] ConditionMgr:1039 - genDependencies : Invalid condition id : UX DEVICE CLASS RTOS Condition cause : null
2024-06-11 19:45:39,719 [WARN] PackLoader:240 - Cannot read IP mode file for STMicroelectronics.X-CUBE-SUBG2.5.0.0
2024-06-11 19:45:39,735 [WARN] PackLoader:240 - Cannot read IP mode file for STMicroelectronics.X-CUBE-AZRTOS-G4.2.0.0
2024-06-11 19:45:39,739 [WARN] PackLoader:240 - Cannot read IP mode file for STMicroelectronics.FP-SNS-MOTENVWB1.1.3.1
2024-06-11 19:45:39,742 [WARN] PackLoader:240 - Cannot read IP mode file for STMicroelectronics.X-CUBE-ISPU.2.0.0
2024-06-11 19:45:39,745 [WARN] PackLoader:240 - Cannot read IP mode file for STMicroelectronics.X-CUBE-ALS.1.0.2
2024-06-11 19:45:39,775 [WARN] PackLoader:240 - Cannot read IP mode file for STMicroelectronics.X-CUBE-MEMS1.10.0.0
2024-06-11 19:45:39,871 [WARN] PackLoader:240 - Cannot read IP mode file for STMicroelectronics.X-CUBE-FREERTOS.1.1.0
2024-06-11 19:45:39,875 [WARN] PackLoader:240 - Cannot read IP mode file for portGmbH.I-Cube-SoM-uGOAL.1.1.0
2024-06-11 19:45:39,877 [WARN] PackLoader:240 - Cannot read IP mode file for STMicroelectronics.X-CUBE-ALS.1.0.1
2024-06-11 19:45:39,890 [WARN] PackLoader:240 - Cannot read IP mode file for STMicroelectronics.X-CUBE-AZRTOS-H7RS.1.0.0
2024-06-11 19:45:39,894 [WARN] PackLoader:240 - Cannot read IP mode file for STMicroelectronics.FP-ATR-ASTRA1.2.0.0
2024-06-11 19:45:39,901 [WARN] PackLoader:240 - Cannot read IP mode file for STMicroelectronics.X-CUBE-TOF1.3.4.1
2024-06-11 19:45:39,924 [WARN] PackLoader:240 - Cannot read IP mode file for STMicroelectronics.X-CUBE-AZRTOS-H7.3.2.0
2024-06-11 19:45:39,935 [WARN] PackLoader:240 - Cannot read IP mode file for Infineon.AIROC-Wi-Fi-Bluetooth-STM32.1.6.0
2024-06-11 19:45:39,941 [INFO] ThirdParty:978 - Integrity check success = true
2024-06-11 19:45:39,941 [INFO] IntegrityCheckThread:100 - exiting critical section [integrity check]
2024-06-11 19:45:39,941 [INFO] IntegrityCheckThread:103 - End integrity checks thread
2024-06-11 19:45:59,788 [ERROR] LogOutputStream:75 - [STDERR_REDIRECT] SLF4J: Failed to load class "org.slf4j.impl.StaticLoggerBinder".
2024-06-11 19:45:59,789 [ERROR] LogOutputStream:75 - [STDERR_REDIRECT] SLF4J: Defaulting to no-operation (NOP) logger implementation
2024-06-11 19:45:59,790 [ERROR] LogOutputStream:75 - [STDERR_REDIRECT] SLF4J: See http://www.slf4j.org/codes.html#StaticLoggerBinder for further details.
2024-06-11 19:47:09,150 [ERROR] LogOutputStream:75 - [STDERR_REDIRECT] 
