2024-06-12 08:29:57,909 [INFO] Activator:176 - 


2024-06-12 08:29:57,909 [INFO] Activator:177 - !SESSION log4j initialized
2024-06-12 08:30:03,863 [INFO] LogOutputStream:77 - [STDOUT_REDIRECT] 
2024-06-12 08:30:09,960 [INFO] ApplicationProperties:184 - Using Application install path: C:\ST\STM32CubeIDE_1.14.1\STM32CubeIDE\plugins\com.st.stm32cube.common.mx_6.10.0.202311202037
2024-06-12 08:30:09,991 [INFO] DbMcusXml:78 - Set database path to: C:\ST\STM32CubeIDE_1.14.1\STM32CubeIDE\plugins\com.st.stm32cube.common.mx_6.10.0.202311202037\\db\/mcu/
2024-06-12 08:30:09,991 [INFO] ApiDb:274 - Set plugin database path to: C:\ST\STM32CubeIDE_1.14.1\STM32CubeIDE\plugins\com.st.stm32cube.common.mx_6.10.0.202311202037\\db\/plugins/boardmanager/
2024-06-12 08:30:09,992 [WARN] ApiDb:259 - Overriding images path with different value:  => C:\ST\STM32CubeIDE_1.14.1\STM32CubeIDE\plugins\com.st.stm32cube.common.mx_6.10.0.202311202037\\db\/plugins/mcufinder/images/
2024-06-12 08:30:10,007 [INFO] ApiDb:250 - Set database path to: C:\Users\moham\.stmcufinder\plugins\mcufinder//mcu/
2024-06-12 08:30:10,009 [INFO] DbMcusAds:125 - Set database path to: C:\Users\moham\.stmcufinder\plugins\mcufinder//mcu/
2024-06-12 08:30:10,010 [INFO] CrossReferenceDbSqlite:203 - Set database path to: C:\Users\moham\.stmcufinder\plugins\mcufinder//mcu/cs/
2024-06-12 08:30:10,125 [INFO] RulesReader:64 - Compatibility file has been processed (297 Rules)
2024-06-12 08:30:10,201 [INFO] DbMcusXml:78 - Set database path to: C:\ST\STM32CubeIDE_1.14.1\STM32CubeIDE\plugins\com.st.stm32cube.common.mx_6.10.0.202311202037\\db\/mcu/
2024-06-12 08:30:10,202 [INFO] ApiDb:274 - Set plugin database path to: C:\ST\STM32CubeIDE_1.14.1\STM32CubeIDE\plugins\com.st.stm32cube.common.mx_6.10.0.202311202037\\db\/plugins/boardmanager/
2024-06-12 08:30:10,202 [INFO] ApiDb:261 - Set plugin images path to: C:\ST\STM32CubeIDE_1.14.1\STM32CubeIDE\plugins\com.st.stm32cube.common.mx_6.10.0.202311202037\\db\/plugins/mcufinder/images/
2024-06-12 08:30:10,202 [WARN] DbFile:41 - Overriding database path with different value: C:\Users\moham\.stmcufinder\plugins\mcufinder/ => C:\Users\moham\.stmcufinder\plugins\mcufinder
2024-06-12 08:30:10,202 [INFO] ApiDb:250 - Set database path to: C:\Users\moham\.stmcufinder\plugins\mcufinder//mcu/
2024-06-12 08:30:10,202 [WARN] DbFile:41 - Overriding database path with different value: C:\Users\moham\.stmcufinder\plugins\mcufinder/ => C:\Users\moham\.stmcufinder\plugins\mcufinder
2024-06-12 08:30:10,202 [INFO] DbMcusAds:125 - Set database path to: C:\Users\moham\.stmcufinder\plugins\mcufinder//mcu/
2024-06-12 08:30:10,202 [WARN] DbFile:41 - Overriding database path with different value: C:\Users\moham\.stmcufinder\plugins\mcufinder/ => C:\Users\moham\.stmcufinder\plugins\mcufinder
2024-06-12 08:30:10,202 [WARN] DbFile:41 - Overriding database path with different value: C:\Users\moham\.stmcufinder\plugins\mcufinder/ => C:\Users\moham\.stmcufinder\plugins\mcufinder
2024-06-12 08:30:10,202 [INFO] CrossReferenceDbSqlite:203 - Set database path to: C:\Users\moham\.stmcufinder\plugins\mcufinder//mcu/cs/
2024-06-12 08:30:10,274 [INFO] MainPanel:264 - HeapMemory: 268435456
2024-06-12 08:30:10,357 [INFO] DbMcusXml:78 - Set database path to: C:\ST\STM32CubeIDE_1.14.1\STM32CubeIDE\plugins\com.st.stm32cube.common.mx_6.10.0.202311202037\\db\/mcu/
2024-06-12 08:30:10,358 [INFO] ApiDb:274 - Set plugin database path to: C:\ST\STM32CubeIDE_1.14.1\STM32CubeIDE\plugins\com.st.stm32cube.common.mx_6.10.0.202311202037\\db\/plugins/boardmanager/
2024-06-12 08:30:10,358 [INFO] ApiDb:261 - Set plugin images path to: C:\ST\STM32CubeIDE_1.14.1\STM32CubeIDE\plugins\com.st.stm32cube.common.mx_6.10.0.202311202037\\db\/plugins/mcufinder/images/
2024-06-12 08:30:10,358 [WARN] DbFile:41 - Overriding database path with different value: C:\Users\moham\.stmcufinder\plugins\mcufinder/ => C:\Users\moham\.stmcufinder\plugins\mcufinder
2024-06-12 08:30:10,358 [INFO] ApiDb:250 - Set database path to: C:\Users\moham\.stmcufinder\plugins\mcufinder//mcu/
2024-06-12 08:30:10,358 [WARN] DbFile:41 - Overriding database path with different value: C:\Users\moham\.stmcufinder\plugins\mcufinder/ => C:\Users\moham\.stmcufinder\plugins\mcufinder
2024-06-12 08:30:10,358 [INFO] DbMcusAds:125 - Set database path to: C:\Users\moham\.stmcufinder\plugins\mcufinder//mcu/
2024-06-12 08:30:10,358 [WARN] DbFile:41 - Overriding database path with different value: C:\Users\moham\.stmcufinder\plugins\mcufinder/ => C:\Users\moham\.stmcufinder\plugins\mcufinder
2024-06-12 08:30:10,358 [WARN] DbFile:41 - Overriding database path with different value: C:\Users\moham\.stmcufinder\plugins\mcufinder/ => C:\Users\moham\.stmcufinder\plugins\mcufinder
2024-06-12 08:30:10,358 [INFO] CrossReferenceDbSqlite:203 - Set database path to: C:\Users\moham\.stmcufinder\plugins\mcufinder//mcu/cs/
2024-06-12 08:30:10,375 [INFO] ApplicationProperties:184 - Using Application install path: C:\ST\STM32CubeIDE_1.14.1\STM32CubeIDE\plugins\com.st.stm32cube.common.mx_6.10.0.202311202037
2024-06-12 08:30:10,375 [INFO] PluginManage:196 - Search for loadable plugins [exclusion list=, ]
2024-06-12 08:30:10,377 [INFO] PluginManage:310 - Check plugin analytics
2024-06-12 08:30:15,528 [INFO] AnalyticsPlugin:253 - Accepted Software Licenses: STM32CubeMX.6.11.0
2024-06-12 08:30:15,528 [INFO] AnalyticsPlugin:255 - Accepted CMSIS Pack Licenses: 
2024-06-12 08:30:15,528 [INFO] AnalyticsPlugin:257 - Accepted Firmware Licenses: 
2024-06-12 08:30:15,532 [INFO] PluginManage:359 - Loaded plugin analytics (category:tool,tabindex:-1)
2024-06-12 08:30:15,532 [INFO] PluginManage:310 - Check plugin cadmodel
2024-06-12 08:30:15,547 [INFO] CADModel:105 - Init CAD model plugin
2024-06-12 08:30:15,547 [INFO] PluginManage:359 - Loaded plugin cadmodel (category:power,tabindex:5)
2024-06-12 08:30:15,547 [INFO] PluginManage:310 - Check plugin clock
2024-06-12 08:30:15,566 [INFO] PluginManage:359 - Loaded plugin clock (category:base,tabindex:2)
2024-06-12 08:30:15,566 [INFO] PluginManage:310 - Check plugin ddr
2024-06-12 08:30:15,568 [INFO] PluginManage:359 - Loaded plugin ddr (category:tool,tabindex:6)
2024-06-12 08:30:15,568 [INFO] PluginManage:310 - Check plugin filemanager
2024-06-12 08:30:15,717 [INFO] PluginManage:359 - Loaded plugin filemanager (category:base,tabindex:10)
2024-06-12 08:30:15,718 [INFO] PluginManage:310 - Check plugin ipmanager
2024-06-12 08:30:15,724 [INFO] PluginManage:359 - Loaded plugin ipmanager (category:base,tabindex:5)
2024-06-12 08:30:15,724 [INFO] PluginManage:310 - Check plugin lpbam
2024-06-12 08:30:15,741 [INFO] PluginManage:359 - Loaded plugin lpbam (category:base,tabindex:0)
2024-06-12 08:30:15,741 [INFO] PluginManage:310 - Check plugin memorymap
2024-06-12 08:30:15,767 [INFO] PluginManage:359 - Loaded plugin memorymap (category:base,tabindex:4)
2024-06-12 08:30:15,767 [INFO] PluginManage:310 - Check plugin pinoutandconfiguration
2024-06-12 08:30:15,790 [INFO] PluginManage:359 - Loaded plugin pinoutandconfiguration (category:base,tabindex:1)
2024-06-12 08:30:15,790 [INFO] PluginManage:310 - Check plugin pinoutconfig
2024-06-12 08:30:15,912 [WARN] SupportedApi:132 - Cannot load RTOS API schema: s4s-elt-must-match.1: The content of 'definitions' must match (annotation?, (simpleType | complexType)?, (unique | key | keyref)*)). A problem was found starting at: attribute.
2024-06-12 08:30:16,041 [INFO] PluginManage:359 - Loaded plugin pinoutconfig (category:base,tabindex:0)
2024-06-12 08:30:16,041 [INFO] PluginManage:310 - Check plugin power
2024-06-12 08:30:16,062 [INFO] PluginManage:359 - Loaded plugin power (category:power,tabindex:4)
2024-06-12 08:30:16,062 [INFO] PluginManage:310 - Check plugin projectmanager
2024-06-12 08:30:16,078 [INFO] PluginManage:359 - Loaded plugin projectmanager (category:projectmanager,tabindex:3)
2024-06-12 08:30:16,078 [INFO] PluginManage:310 - Check plugin thirdparty
2024-06-12 08:30:16,339 [INFO] PluginManage:359 - Loaded plugin thirdparty (category:base,tabindex:-1)
2024-06-12 08:30:16,339 [WARN] IntegrityCheckThread:84 - waiting for thirdparty lock release [integrity check]
2024-06-12 08:30:16,339 [INFO] PluginManage:310 - Check plugin tools
2024-06-12 08:30:16,339 [INFO] IntegrityCheckThread:86 - entering critical section [integrity check]
2024-06-12 08:30:16,339 [INFO] ThirdPartyUpdaterWithRetryManager:70 - Updater plugin not ready yet. [1/15]
2024-06-12 08:30:16,370 [INFO] PluginManage:359 - Loaded plugin tools (category:base,tabindex:7)
2024-06-12 08:30:16,370 [INFO] PluginManage:310 - Check plugin tutovideos
2024-06-12 08:30:16,565 [INFO] PluginManage:359 - Loaded plugin tutovideos (category:base,tabindex:-1)
2024-06-12 08:30:16,565 [INFO] PluginManage:310 - Check plugin updater
2024-06-12 08:30:16,576 [INFO] PluginManage:359 - Loaded plugin updater (category:base,tabindex:12)
2024-06-12 08:30:16,577 [INFO] PluginManage:310 - Check plugin userauth
2024-06-12 08:30:16,582 [INFO] UserAuth:114 - Init User Auth plugin
2024-06-12 08:30:16,582 [INFO] PluginManage:359 - Loaded plugin userauth (category:base,tabindex:14)
2024-06-12 08:30:16,583 [INFO] PluginManage:283 - PluginManage : Loaded plugins [17]
2024-06-12 08:30:16,797 [INFO] PinOutPanel:1499 - setPackage(No Configuration,No Configuration)
2024-06-12 08:30:16,867 [INFO] CADModel:165 - CPN selected for project level
2024-06-12 08:30:16,867 [INFO] CADModel:114 - Register for checkConnection events
2024-06-12 08:30:16,892 [INFO] IPUIPlugin:80 - create IPUIPlugin
2024-06-12 08:30:16,892 [INFO] PluginManager:220 - loadIPPluginJar : add adc
2024-06-12 08:30:16,925 [INFO] IPUIPlugin:80 - create IPUIPlugin
2024-06-12 08:30:16,925 [INFO] PluginManager:220 - loadIPPluginJar : add aes
2024-06-12 08:30:16,961 [INFO] IPUIPlugin:80 - create IPUIPlugin
2024-06-12 08:30:16,961 [INFO] PluginManager:220 - loadIPPluginJar : add can
2024-06-12 08:30:16,981 [INFO] IPUIPlugin:80 - create IPUIPlugin
2024-06-12 08:30:16,981 [INFO] PluginManager:220 - loadIPPluginJar : add comp
2024-06-12 08:30:17,011 [INFO] IPUIPlugin:80 - create IPUIPlugin
2024-06-12 08:30:17,011 [INFO] PluginManager:220 - loadIPPluginJar : add cryp
2024-06-12 08:30:17,037 [INFO] IPUIPlugin:80 - create IPUIPlugin
2024-06-12 08:30:17,037 [INFO] PluginManager:220 - loadIPPluginJar : add dfsdm
2024-06-12 08:30:17,048 [INFO] IPUIPlugin:80 - create IPUIPlugin
2024-06-12 08:30:17,049 [INFO] PluginManager:220 - loadIPPluginJar : add dma
2024-06-12 08:30:17,086 [INFO] IPUIPlugin:80 - create IPUIPlugin
2024-06-12 08:30:17,087 [INFO] PluginManager:220 - loadIPPluginJar : add dma3
2024-06-12 08:30:17,104 [INFO] IPUIPlugin:80 - create IPUIPlugin
2024-06-12 08:30:17,104 [INFO] PluginManager:220 - loadIPPluginJar : add fatfs
2024-06-12 08:30:17,146 [INFO] IPUIPlugin:80 - create IPUIPlugin
2024-06-12 08:30:17,146 [INFO] PluginManager:220 - loadIPPluginJar : add fmc
2024-06-12 08:30:17,160 [INFO] IPUIPlugin:80 - create IPUIPlugin
2024-06-12 08:30:17,160 [INFO] PluginManager:220 - loadIPPluginJar : add freertos
2024-06-12 08:30:17,180 [INFO] IPUIPlugin:80 - create IPUIPlugin
2024-06-12 08:30:17,180 [INFO] PluginManager:220 - loadIPPluginJar : add genericplugin
2024-06-12 08:30:17,266 [INFO] IPUIPlugin:80 - create IPUIPlugin
2024-06-12 08:30:17,266 [INFO] PluginManager:220 - loadIPPluginJar : add gfxmmu
2024-06-12 08:30:17,381 [INFO] IPUIPlugin:80 - create IPUIPlugin
2024-06-12 08:30:17,382 [INFO] PluginManager:220 - loadIPPluginJar : add gic
2024-06-12 08:30:17,393 [INFO] IPUIPlugin:80 - create IPUIPlugin
2024-06-12 08:30:17,393 [INFO] PluginManager:220 - loadIPPluginJar : add gpio
2024-06-12 08:30:17,476 [INFO] IPUIPlugin:80 - create IPUIPlugin
2024-06-12 08:30:17,476 [INFO] PluginManager:220 - loadIPPluginJar : add gtzc
2024-06-12 08:30:17,504 [INFO] IPUIPlugin:80 - create IPUIPlugin
2024-06-12 08:30:17,504 [INFO] PluginManager:220 - loadIPPluginJar : add hash
2024-06-12 08:30:17,551 [INFO] IPUIPlugin:80 - create IPUIPlugin
2024-06-12 08:30:17,551 [INFO] PluginManager:220 - loadIPPluginJar : add i2c
2024-06-12 08:30:17,585 [INFO] IPUIPlugin:80 - create IPUIPlugin
2024-06-12 08:30:17,585 [INFO] PluginManager:220 - loadIPPluginJar : add i2s
2024-06-12 08:30:17,621 [INFO] IPUIPlugin:80 - create IPUIPlugin
2024-06-12 08:30:17,621 [INFO] PluginManager:220 - loadIPPluginJar : add i3c
2024-06-12 08:30:17,711 [INFO] IPUIPlugin:80 - create IPUIPlugin
2024-06-12 08:30:17,712 [INFO] PluginManager:220 - loadIPPluginJar : add ipddr
2024-06-12 08:30:17,792 [INFO] IPUIPlugin:80 - create IPUIPlugin
2024-06-12 08:30:17,792 [INFO] PluginManager:220 - loadIPPluginJar : add linkedlist
2024-06-12 08:30:17,822 [INFO] IPUIPlugin:80 - create IPUIPlugin
2024-06-12 08:30:17,822 [INFO] PluginManager:220 - loadIPPluginJar : add lorawan
2024-06-12 08:30:17,853 [INFO] IPUIPlugin:80 - create IPUIPlugin
2024-06-12 08:30:17,854 [INFO] PluginManager:220 - loadIPPluginJar : add ltdc
2024-06-12 08:30:17,866 [INFO] IPUIPlugin:80 - create IPUIPlugin
2024-06-12 08:30:17,866 [INFO] PluginManager:220 - loadIPPluginJar : add mdma
2024-06-12 08:30:17,876 [INFO] IPUIPlugin:80 - create IPUIPlugin
2024-06-12 08:30:17,876 [INFO] PluginManager:220 - loadIPPluginJar : add nvic
2024-06-12 08:30:17,908 [INFO] IPUIPlugin:80 - create IPUIPlugin
2024-06-12 08:30:17,908 [INFO] PluginManager:220 - loadIPPluginJar : add opamp
2024-06-12 08:30:17,959 [INFO] IPUIPlugin:80 - create IPUIPlugin
2024-06-12 08:30:17,959 [INFO] PluginManager:220 - loadIPPluginJar : add openamp
2024-06-12 08:30:18,003 [INFO] IPUIPlugin:80 - create IPUIPlugin
2024-06-12 08:30:18,003 [INFO] PluginManager:220 - loadIPPluginJar : add pdm2pcm
2024-06-12 08:30:18,015 [INFO] IPUIPlugin:80 - create IPUIPlugin
2024-06-12 08:30:18,017 [INFO] PluginManager:220 - loadIPPluginJar : add plateformsettings
2024-06-12 08:30:18,038 [INFO] IPUIPlugin:80 - create IPUIPlugin
2024-06-12 08:30:18,038 [INFO] PluginManager:220 - loadIPPluginJar : add quadspi
2024-06-12 08:30:18,049 [INFO] IPUIPlugin:80 - create IPUIPlugin
2024-06-12 08:30:18,049 [INFO] PluginManager:220 - loadIPPluginJar : add resmgrutility
2024-06-12 08:30:18,092 [INFO] IPUIPlugin:80 - create IPUIPlugin
2024-06-12 08:30:18,092 [INFO] PluginManager:220 - loadIPPluginJar : add sai
2024-06-12 08:30:18,124 [INFO] IPUIPlugin:80 - create IPUIPlugin
2024-06-12 08:30:18,124 [INFO] PluginManager:220 - loadIPPluginJar : add spi
2024-06-12 08:30:18,184 [INFO] IPUIPlugin:80 - create IPUIPlugin
2024-06-12 08:30:18,184 [INFO] PluginManager:220 - loadIPPluginJar : add stm32_wpan
2024-06-12 08:30:18,204 [INFO] IPUIPlugin:80 - create IPUIPlugin
2024-06-12 08:30:18,204 [INFO] PluginManager:220 - loadIPPluginJar : add tim
2024-06-12 08:30:18,251 [INFO] IPUIPlugin:80 - create IPUIPlugin
2024-06-12 08:30:18,251 [INFO] PluginManager:220 - loadIPPluginJar : add touchsensing
2024-06-12 08:30:18,270 [INFO] IPUIPlugin:80 - create IPUIPlugin
2024-06-12 08:30:18,270 [INFO] PluginManager:220 - loadIPPluginJar : add tracer_emb
2024-06-12 08:30:18,290 [INFO] IPUIPlugin:80 - create IPUIPlugin
2024-06-12 08:30:18,290 [INFO] PluginManager:220 - loadIPPluginJar : add ts
2024-06-12 08:30:18,308 [INFO] IPUIPlugin:80 - create IPUIPlugin
2024-06-12 08:30:18,308 [INFO] PluginManager:220 - loadIPPluginJar : add tsc
2024-06-12 08:30:18,326 [INFO] IPUIPlugin:80 - create IPUIPlugin
2024-06-12 08:30:18,326 [INFO] PluginManager:220 - loadIPPluginJar : add ucpd
2024-06-12 08:30:18,362 [INFO] IPUIPlugin:80 - create IPUIPlugin
2024-06-12 08:30:18,362 [INFO] PluginManager:220 - loadIPPluginJar : add usart
2024-06-12 08:30:18,398 [INFO] IPUIPlugin:80 - create IPUIPlugin
2024-06-12 08:30:18,398 [INFO] PluginManager:220 - loadIPPluginJar : add usbx
2024-06-12 08:30:18,524 [INFO] CADModel:165 - CPN selected for project level
2024-06-12 08:30:18,524 [INFO] CADModel:114 - Register for checkConnection events
2024-06-12 08:30:18,524 [FATAL] Updater:308 - Updater called before beeing initialized
2024-06-12 08:30:18,524 [ERROR] CADModel:125 - Updater not yet initialized, retry later 
2024-06-12 08:30:18,657 [INFO] CADModel:165 - CPN selected for project level
2024-06-12 08:30:18,658 [INFO] CADModel:114 - Register for checkConnection events
2024-06-12 08:30:18,658 [FATAL] Updater:308 - Updater called before beeing initialized
2024-06-12 08:30:18,658 [ERROR] CADModel:125 - Updater not yet initialized, retry later 
2024-06-12 08:30:18,660 [FATAL] Updater:308 - Updater called before beeing initialized
2024-06-12 08:30:18,757 [FATAL] Updater:308 - Updater called before beeing initialized
2024-06-12 08:30:18,766 [INFO] DbMcusAds:53 - JSON generation date=Thu May 16 13:22:00 GST 2024 (1715851320667)
2024-06-12 08:30:18,766 [FATAL] Updater:308 - Updater called before beeing initialized
2024-06-12 08:30:18,838 [WARN] DetailPanel:346 - Failed to get advertising image, set to default
2024-06-12 08:30:18,939 [FATAL] Updater:308 - Updater called before beeing initialized
2024-06-12 08:30:18,941 [FATAL] Updater:308 - Updater called before beeing initialized
2024-06-12 08:30:18,941 [FATAL] Updater:308 - Updater called before beeing initialized
2024-06-12 08:30:18,941 [WARN] DetailPanel:346 - Failed to get advertising image, set to default
2024-06-12 08:30:18,942 [FATAL] Updater:308 - Updater called before beeing initialized
2024-06-12 08:30:19,005 [ERROR] Updater:1120 - MainUpdater not yet initialized. External WinMGr cannot be set.
2024-06-12 08:30:19,015 [INFO] Updater:1056 - Updater Version found : 6.10.0
2024-06-12 08:30:19,033 [INFO] ApplicationProperties:184 - Using Application install path: C:\ST\STM32CubeIDE_1.14.1\STM32CubeIDE\plugins\com.st.stm32cube.common.mx_6.10.0.202311202037
2024-06-12 08:30:19,340 [INFO] ThirdPartyUpdaterWithRetryManager:70 - Updater plugin not ready yet. [2/15]
2024-06-12 08:30:19,666 [INFO] MainUpdater:2873 - connection check result : 10
2024-06-12 08:30:19,667 [INFO] MainUpdater:3567 - Updater definition file requires update
2024-06-12 08:30:19,670 [INFO] MainUpdater:290 - Updater Check For Update Now.
2024-06-12 08:30:19,670 [INFO] MicroXplorer:498 - Change Database Version : DB.6.0.100
2024-06-12 08:30:19,702 [INFO] McuFinderGlobals:63 - Set McuFinder mode to 2 (CubeIDE integrated)
2024-06-12 08:30:19,702 [INFO] UserAuth:180 - activating auth plugin
2024-06-12 08:30:19,704 [INFO] UserAuth:404 - Internet connection configuration mode: 1
2024-06-12 08:30:19,733 [INFO] JxBrowserEngine:152 - Initiate JxBrowser Engine with user profile folder
2024-06-12 08:30:20,170 [INFO] ServerAccessManage:473 - Download File updaters.zip
2024-06-12 08:30:20,262 [INFO] FileExtend:240 - Unzip File : updaters.zip
2024-06-12 08:30:20,262 [INFO] FileExtend:255 - Standard Zip Deflate
2024-06-12 08:30:20,849 [INFO] ServerAccessManage:473 - Download File PacksControlFlags.xml
2024-06-12 08:30:21,158 [INFO] ServerAccessManage:473 - Download File cubemx.pidx
2024-06-12 08:30:21,267 [INFO] LoadServerUpdatesThread:375 - End of LoadServerUpdate Thread
2024-06-12 08:30:21,442 [INFO] CheckServerUpdateThread:120 - End of CheckServer Thread
2024-06-12 08:30:22,700 [WARN] PackLoader:240 - Cannot read IP mode file for STMicroelectronics.FP-SNS-MOTENVWB1.1.4.0
2024-06-12 08:30:22,720 [WARN] PackLoader:240 - Cannot read IP mode file for STMicroelectronics.X-CUBE-SMBUS.2.1.0
2024-06-12 08:30:22,736 [WARN] PackLoader:240 - Cannot read IP mode file for STMicroelectronics.X-CUBE-TOUCHGFX.4.23.2
2024-06-12 08:30:22,801 [WARN] PackLoader:240 - Cannot read IP mode file for STMicroelectronics.X-CUBE-AZRTOS-F7.1.1.0
2024-06-12 08:30:22,829 [WARN] PackLoader:240 - Cannot read IP mode file for STMicroelectronics.FP-SNS-FLIGHT1.5.0.2
2024-06-12 08:30:22,856 [WARN] PackLoader:240 - Cannot read IP mode file for STMicroelectronics.X-CUBE-DISPLAY.3.0.0
2024-06-12 08:30:22,894 [WARN] PackLoader:240 - Cannot read IP mode file for STMicroelectronics.X-CUBE-BLE1.7.0.0
2024-06-12 08:30:22,915 [WARN] PackLoader:240 - Cannot read IP mode file for emotas.I-CUBE-CANOPEN.1.3.0
2024-06-12 08:30:22,952 [WARN] PackLoader:240 - Cannot read IP mode file for STMicroelectronics.X-CUBE-BLEMGR.3.1.0
2024-06-12 08:30:22,974 [WARN] PackLoader:240 - Cannot read IP mode file for STMicroelectronics.FP-SNS-SMARTAG2.1.2.0
2024-06-12 08:30:22,996 [INFO] LogOutputStream:77 - [STDOUT_REDIRECT] 1 : Invalid condition id : UX_CORESTACK_Condition cause : null
2024-06-12 08:30:22,997 [INFO] LogOutputStream:77 - [STDOUT_REDIRECT] 1 : Invalid condition id : UX_CORESTACK_Condition cause : null
2024-06-12 08:30:22,998 [INFO] LogOutputStream:77 - [STDOUT_REDIRECT] 1 : Invalid condition id : UX_CORESTACK_Condition cause : null
2024-06-12 08:30:23,000 [INFO] LogOutputStream:77 - [STDOUT_REDIRECT] 1 : Invalid condition id : UX_CORESTACK_Condition cause : null
2024-06-12 08:30:23,002 [INFO] LogOutputStream:77 - [STDOUT_REDIRECT] 1 : Invalid condition id : UX_CORESTACK_Condition cause : null
2024-06-12 08:30:23,006 [WARN] PackLoader:240 - Cannot read IP mode file for STMicroelectronics.X-CUBE-AZRTOS-WL.2.0.0
2024-06-12 08:30:23,022 [WARN] PackLoader:240 - Cannot read IP mode file for wolfSSL.I-CUBE-wolfMQTT.1.19.0
2024-06-12 08:30:23,039 [WARN] PackLoader:240 - Cannot read IP mode file for WES.I-CUBE-Cesium.1.3.0
2024-06-12 08:30:23,056 [WARN] PackLoader:240 - Cannot read IP mode file for STMicroelectronics.X-CUBE-BLE2.3.3.0
2024-06-12 08:30:23,077 [WARN] PackLoader:240 - Cannot read IP mode file for STMicroelectronics.X-CUBE-TCPP.4.1.0
2024-06-12 08:30:23,094 [WARN] PackLoader:240 - Cannot read IP mode file for STMicroelectronics.X-CUBE-ALGOBUILD.1.3.0
2024-06-12 08:30:23,116 [INFO] WebApp:161 - Instantiating new browser for Auth
2024-06-12 08:30:23,137 [WARN] PackLoader:240 - Cannot read IP mode file for STMicroelectronics.X-CUBE-AZRTOS-G0.1.1.0
2024-06-12 08:30:23,164 [WARN] PackLoader:240 - Cannot read IP mode file for STMicroelectronics.X-CUBE-SAFEA1.1.2.2
2024-06-12 08:30:23,184 [WARN] PackLoader:240 - Cannot read IP mode file for STMicroelectronics.X-CUBE-NFC4.3.0.0
2024-06-12 08:30:23,199 [WARN] PackLoader:240 - Cannot read IP mode file for wolfSSL.I-CUBE-wolfSSL.5.7.0
2024-06-12 08:30:23,211 [WARN] PackLoader:240 - Cannot read IP mode file for STMicroelectronics.FP-ATR-SIGFOX1.3.2.0
2024-06-12 08:30:23,227 [WARN] PackLoader:240 - Cannot read IP mode file for STMicroelectronics.X-CUBE-EEPRMA1.5.1.0
2024-06-12 08:30:23,249 [WARN] PackLoader:240 - Cannot read IP mode file for ITTIA_DB.I-CUBE-ITTIADB.8.9.0
2024-06-12 08:30:23,303 [WARN] PackLoader:240 - Cannot read IP mode file for SEGGER.I-CUBE-embOS.1.3.1
2024-06-12 08:30:23,372 [WARN] PackLoader:240 - Cannot read IP mode file for STMicroelectronics.X-CUBE-ALGOBUILD.1.4.0
2024-06-12 08:30:23,388 [WARN] PackLoader:240 - Cannot read IP mode file for STMicroelectronics.X-CUBE-GNSS1.6.0.0
2024-06-12 08:30:23,426 [WARN] PackLoader:240 - Cannot read IP mode file for STMicroelectronics.X-CUBE-AZRTOS-F4.1.1.0
2024-06-12 08:30:23,442 [WARN] PackLoader:240 - Cannot read IP mode file for STMicroelectronics.X-CUBE-FREERTOS.1.2.0
2024-06-12 08:30:23,474 [WARN] PackLoader:240 - Cannot read IP mode file for STMicroelectronics.X-CUBE-AZRTOS-L5.2.0.0
2024-06-12 08:30:23,493 [WARN] PackLoader:240 - Cannot read IP mode file for STMicroelectronics.X-CUBE-NFC6.3.1.0
2024-06-12 08:30:23,510 [WARN] PackLoader:240 - Cannot read IP mode file for STMicroelectronics.X-CUBE-AI.9.0.0
2024-06-12 08:30:23,523 [WARN] PackLoader:240 - Cannot read IP mode file for STMicroelectronics.X-CUBE-NFC7.1.0.1
2024-06-12 08:30:23,537 [WARN] PackLoader:240 - Cannot read IP mode file for STMicroelectronics.X-CUBE-AI.8.1.0
2024-06-12 08:30:23,580 [WARN] ConditionMgr:438 - getConditionDescription Invalid condition id : LAN8742 Phy interface Condition cause : null
2024-06-12 08:30:23,582 [WARN] PackLoader:240 - Cannot read IP mode file for STMicroelectronics.X-CUBE-AZRTOS-L4.2.0.0
2024-06-12 08:30:23,585 [WARN] ConditionMgr:1039 - genDependencies : Invalid condition id : LAN8742 Phy interface Condition cause : null
2024-06-12 08:30:23,585 [WARN] ConditionMgr:1039 - genDependencies : Invalid condition id : LAN8742 Phy interface Condition cause : null
2024-06-12 08:30:23,586 [WARN] ConditionMgr:1039 - genDependencies : Invalid condition id : LAN8742 Phy interface Condition cause : null
2024-06-12 08:30:23,603 [WARN] PackLoader:240 - Cannot read IP mode file for STMicroelectronics.X-CUBE-SFXS2LP1.4.0.0
2024-06-12 08:30:23,633 [WARN] ConditionMgr:438 - getConditionDescription Invalid condition id : UX DEVICE CLASS RTOS Condition cause : null
2024-06-12 08:30:23,633 [WARN] ConditionMgr:438 - getConditionDescription Invalid condition id : UX DEVICE CLASS RTOS Condition cause : null
2024-06-12 08:30:23,635 [WARN] PackLoader:240 - Cannot read IP mode file for STMicroelectronics.X-CUBE-AZRTOS-WB.2.0.0
2024-06-12 08:30:23,636 [WARN] ConditionMgr:1039 - genDependencies : Invalid condition id : UX DEVICE CLASS RTOS Condition cause : null
2024-06-12 08:30:23,636 [WARN] ConditionMgr:1039 - genDependencies : Invalid condition id : UX DEVICE CLASS RTOS Condition cause : null
2024-06-12 08:30:23,637 [WARN] ConditionMgr:1039 - genDependencies : Invalid condition id : UX DEVICE CLASS RTOS Condition cause : null
2024-06-12 08:30:23,637 [WARN] ConditionMgr:1039 - genDependencies : Invalid condition id : UX DEVICE CLASS RTOS Condition cause : null
2024-06-12 08:30:23,637 [WARN] ConditionMgr:1039 - genDependencies : Invalid condition id : UX DEVICE CLASS RTOS Condition cause : null
2024-06-12 08:30:23,661 [WARN] PackLoader:240 - Cannot read IP mode file for STMicroelectronics.X-CUBE-SUBG2.5.0.0
2024-06-12 08:30:23,703 [WARN] PackLoader:240 - Cannot read IP mode file for STMicroelectronics.X-CUBE-AZRTOS-G4.2.0.0
2024-06-12 08:30:23,722 [WARN] PackLoader:240 - Cannot read IP mode file for STMicroelectronics.FP-SNS-MOTENVWB1.1.3.1
2024-06-12 08:30:23,739 [WARN] PackLoader:240 - Cannot read IP mode file for STMicroelectronics.X-CUBE-ISPU.2.0.0
2024-06-12 08:30:23,757 [WARN] PackLoader:240 - Cannot read IP mode file for STMicroelectronics.X-CUBE-ALS.1.0.2
2024-06-12 08:30:23,831 [WARN] PackLoader:240 - Cannot read IP mode file for STMicroelectronics.X-CUBE-MEMS1.10.0.0
2024-06-12 08:30:23,960 [WARN] PackLoader:240 - Cannot read IP mode file for STMicroelectronics.X-CUBE-FREERTOS.1.1.0
2024-06-12 08:30:23,975 [WARN] PackLoader:240 - Cannot read IP mode file for portGmbH.I-Cube-SoM-uGOAL.1.1.0
2024-06-12 08:30:23,979 [INFO] WebApp:780 - Register for checkConnection events
2024-06-12 08:30:23,979 [INFO] WebApp:414 - Apply proxy settings
2024-06-12 08:30:23,980 [INFO] WebApp:499 - Chromium requires no authentication
2024-06-12 08:30:23,989 [WARN] PackLoader:240 - Cannot read IP mode file for STMicroelectronics.X-CUBE-ALS.1.0.1
2024-06-12 08:30:23,998 [INFO] WebApp:442 - Direct internet connection detected
2024-06-12 08:30:24,026 [WARN] PackLoader:240 - Cannot read IP mode file for STMicroelectronics.X-CUBE-AZRTOS-H7RS.1.0.0
2024-06-12 08:30:24,038 [WARN] PackLoader:240 - Cannot read IP mode file for STMicroelectronics.FP-ATR-ASTRA1.2.0.0
2024-06-12 08:30:24,059 [WARN] PackLoader:240 - Cannot read IP mode file for STMicroelectronics.X-CUBE-TOF1.3.4.1
2024-06-12 08:30:24,095 [WARN] PackLoader:240 - Cannot read IP mode file for STMicroelectronics.X-CUBE-AZRTOS-H7.3.2.0
2024-06-12 08:30:24,119 [WARN] PackLoader:240 - Cannot read IP mode file for Infineon.AIROC-Wi-Fi-Bluetooth-STM32.1.6.0
2024-06-12 08:30:24,121 [INFO] ThirdParty:978 - Integrity check success = true
2024-06-12 08:30:24,122 [INFO] IntegrityCheckThread:100 - exiting critical section [integrity check]
2024-06-12 08:30:24,122 [INFO] IntegrityCheckThread:103 - End integrity checks thread
2024-06-12 08:30:24,288 [INFO] WebApp:192 - Starting web application
2024-06-12 08:30:24,288 [INFO] WebApp:544 - Web application path used C:\ST\STM32CubeIDE_1.14.1\STM32CubeIDE\plugins\com.st.stm32cube.common.mx_6.10.0.202311202037\db\plugins\mcufinder\reactClient1\index.html
2024-06-12 08:30:45,332 [ERROR] LogOutputStream:75 - [STDERR_REDIRECT] SLF4J: Failed to load class "org.slf4j.impl.StaticLoggerBinder".
2024-06-12 08:30:45,332 [ERROR] LogOutputStream:75 - [STDERR_REDIRECT] SLF4J: Defaulting to no-operation (NOP) logger implementation
2024-06-12 08:30:45,333 [ERROR] LogOutputStream:75 - [STDERR_REDIRECT] SLF4J: See http://www.slf4j.org/codes.html#StaticLoggerBinder for further details.
